\BOOKMARK [1][-]{chapter*.1}{Lista de Tabelas}{}% 2
\BOOKMARK [1][-]{chapter*.1}{Lista de Figuras}{}% 3
\BOOKMARK [1][-]{section.0.1}{Resumo}{}% 4
\BOOKMARK [0][-]{chapter.1}{Introdu\347\343o}{}% 5
\BOOKMARK [0][-]{chapter.2}{Prepara\347\343o}{}% 6
\BOOKMARK [1][-]{section.2.1}{M\341quina e sistema operativo utilizados}{chapter.2}% 7
\BOOKMARK [1][-]{section.2.2}{Instala\347\343o das aplica\347\365es necess\341rias}{chapter.2}% 8
\BOOKMARK [0][-]{chapter.3}{Procedimento}{}% 9
\BOOKMARK [0][-]{chapter.4}{An\341lise de Resultados}{}% 10
\BOOKMARK [1][-]{section.4.1}{Exerc\355cio 1}{chapter.4}% 11
\BOOKMARK [1][-]{section.4.2}{Exerc\355cio 2}{chapter.4}% 12
\BOOKMARK [1][-]{section.4.3}{Exerc\355cio 3}{chapter.4}% 13
\BOOKMARK [1][-]{section.4.4}{Exerc\355cio 4}{chapter.4}% 14
\BOOKMARK [1][-]{section.4.5}{Exerc\355cio 5}{chapter.4}% 15
\BOOKMARK [1][-]{section.4.6}{Exerc\355cio 6}{chapter.4}% 16
\BOOKMARK [1][-]{section.4.7}{Exerc\355cio 7}{chapter.4}% 17
\BOOKMARK [1][-]{section.4.8}{An\341lise Geral Adaptado de UdemyUdemy}{chapter.4}% 18
\BOOKMARK [2][-]{subsection.4.8.1}{Tipos est\341ticos vs. tipos din\342micas}{section.4.8}% 19
\BOOKMARK [2][-]{subsection.4.8.2}{Chavetas vs. Indenta\347\343o}{section.4.8}% 20
\BOOKMARK [2][-]{subsection.4.8.3}{Portabilidade vs Velocidade}{section.4.8}% 21
\BOOKMARK [0][-]{chapter.5}{Conclus\343o}{}% 22
\BOOKMARK [0][-]{chapter.5}{Gloss\341rio}{}% 23
\BOOKMARK [0][-]{appendix.A}{Exerc\355cio 1}{}% 24
\BOOKMARK [1][-]{section.A.1}{Java}{appendix.A}% 25
\BOOKMARK [1][-]{section.A.2}{Python}{appendix.A}% 26
\BOOKMARK [0][-]{appendix.B}{Exerc\355cio 2}{}% 27
\BOOKMARK [1][-]{section.B.1}{Java}{appendix.B}% 28
\BOOKMARK [1][-]{section.B.2}{Python}{appendix.B}% 29
\BOOKMARK [0][-]{appendix.C}{Exerc\355cio 3}{}% 30
\BOOKMARK [1][-]{section.C.1}{Java}{appendix.C}% 31
\BOOKMARK [1][-]{section.C.2}{Python}{appendix.C}% 32
\BOOKMARK [0][-]{appendix.D}{Exerc\355cio 4}{}% 33
\BOOKMARK [1][-]{section.D.1}{Java}{appendix.D}% 34
\BOOKMARK [1][-]{section.D.2}{Python}{appendix.D}% 35
\BOOKMARK [0][-]{appendix.E}{Exerc\355cio 5}{}% 36
\BOOKMARK [1][-]{section.E.1}{Java}{appendix.E}% 37
\BOOKMARK [1][-]{section.E.2}{Python}{appendix.E}% 38
\BOOKMARK [0][-]{appendix.F}{Exerc\355cio 6}{}% 39
\BOOKMARK [1][-]{section.F.1}{Java}{appendix.F}% 40
\BOOKMARK [1][-]{section.F.2}{Python}{appendix.F}% 41
\BOOKMARK [0][-]{appendix.G}{Exerc\355cio 7}{}% 42
\BOOKMARK [1][-]{section.G.1}{Java}{appendix.G}% 43
\BOOKMARK [1][-]{section.G.2}{Python}{appendix.G}% 44
