\BOOKMARK [1][-]{chapter*.1}{Lista de Tabelas}{}% 1
\BOOKMARK [1][-]{chapter*.2}{Lista de Figuras}{}% 2
\BOOKMARK [1][-]{section.0.1}{Resumo}{}% 3
\BOOKMARK [0][-]{chapter.1}{Introdu\347\343o}{}% 4
\BOOKMARK [0][-]{chapter.2}{Prepara\347\343o}{}% 5
\BOOKMARK [1][-]{section.2.1}{M\341quina e sistema operativo utilizados}{chapter.2}% 6
\BOOKMARK [1][-]{section.2.2}{Instala\347\343o das aplica\347\365es e m\363dulos necess\341rios}{chapter.2}% 7
\BOOKMARK [0][-]{chapter.3}{Procedimento}{}% 8
\BOOKMARK [1][-]{section.3.1}{Codifica\347\343o do ficheiro}{chapter.3}% 9
\BOOKMARK [2][-]{subsection.3.1.1}{MP3}{section.3.1}% 10
\BOOKMARK [2][-]{subsection.3.1.2}{AAC}{section.3.1}% 11
\BOOKMARK [2][-]{subsection.3.1.3}{GSM}{section.3.1}% 12
\BOOKMARK [1][-]{section.3.2}{Ferramenta em Python}{chapter.3}% 13
\BOOKMARK [0][-]{chapter.4}{An\341lise de Resultados}{}% 14
\BOOKMARK [1][-]{section.4.1}{Gama Din\342mica}{chapter.4}% 15
\BOOKMARK [1][-]{section.4.2}{RMSD}{chapter.4}% 16
\BOOKMARK [1][-]{section.4.3}{Tamanho do ficheiro}{chapter.4}% 17
\BOOKMARK [0][-]{chapter.5}{Conclus\343o}{}% 18
\BOOKMARK [0][-]{chapter.5}{Gloss\341rio}{}% 19
\BOOKMARK [0][-]{chapter*.5}{Bibliografia}{}% 20
\BOOKMARK [0][-]{appendix.A}{Comparador}{}% 21
\BOOKMARK [1][-]{section.A.1}{C\363digo}{appendix.A}% 22
\BOOKMARK [1][-]{section.A.2}{Descri\347\343o}{appendix.A}% 23
\BOOKMARK [0][-]{appendix.B}{Ferramenta}{}% 24
