Flow report for Guiao6_Ex5
Tue Nov 28 22:45:43 2017
Quartus Prime Version 15.1.1 Build 189 12/02/2015 SJ Lite Edition


---------------------
; Table of Contents ;
---------------------
  1. Legal Notice
  2. Flow Summary
  3. Flow Settings
  4. Flow Non-Default Global Settings
  5. Flow Elapsed Time
  6. Flow OS Summary
  7. Flow Log
  8. Flow Messages
  9. Flow Suppressed Messages



----------------
; Legal Notice ;
----------------
Copyright (C) 1991-2015 Altera Corporation. All rights reserved.
Your use of Altera Corporation's design tools, logic functions 
and other software and tools, and its AMPP partner logic 
functions, and any output files from any of the foregoing 
(including device programming or simulation files), and any 
associated documentation or information are expressly subject 
to the terms and conditions of the Altera Program License 
Subscription Agreement, the Altera Quartus Prime License Agreement,
the Altera MegaCore Function License Agreement, or other 
applicable license agreement, including, without limitation, 
that your use is for the sole purpose of programming logic 
devices manufactured by Altera and sold by Altera or its 
authorized distributors.  Please refer to the applicable 
agreement for further details.



+----------------------------------------------------------------------------------+
; Flow Summary                                                                     ;
+------------------------------------+---------------------------------------------+
; Flow Status                        ; Successful - Tue Nov 28 22:45:43 2017       ;
; Quartus Prime Version              ; 15.1.1 Build 189 12/02/2015 SJ Lite Edition ;
; Revision Name                      ; Guiao6_Ex5                                  ;
; Top-level Entity Name              ; Guiao6_Ex5                                  ;
; Family                             ; Cyclone IV E                                ;
; Total logic elements               ; 2 / 6,272 ( < 1 % )                         ;
;     Total combinational functions  ; 2 / 6,272 ( < 1 % )                         ;
;     Dedicated logic registers      ; 0 / 6,272 ( 0 % )                           ;
; Total registers                    ; 0                                           ;
; Total pins                         ; 6 / 92 ( 7 % )                              ;
; Total virtual pins                 ; 0                                           ;
; Total memory bits                  ; 0 / 276,480 ( 0 % )                         ;
; Embedded Multiplier 9-bit elements ; 0 / 30 ( 0 % )                              ;
; Total PLLs                         ; 0 / 2 ( 0 % )                               ;
; Device                             ; EP4CE6E22C6                                 ;
; Timing Models                      ; Final                                       ;
+------------------------------------+---------------------------------------------+


+-----------------------------------------+
; Flow Settings                           ;
+-------------------+---------------------+
; Option            ; Setting             ;
+-------------------+---------------------+
; Start date & time ; 11/28/2017 22:43:37 ;
; Main task         ; Compilation         ;
; Revision Name     ; Guiao6_Ex5          ;
+-------------------+---------------------+


+----------------------------------------------------------------------------------------------------------------------+
; Flow Non-Default Global Settings                                                                                     ;
+-------------------------------------+---------------------------------+---------------+-------------+----------------+
; Assignment Name                     ; Value                           ; Default Value ; Entity Name ; Section Id     ;
+-------------------------------------+---------------------------------+---------------+-------------+----------------+
; COMPILER_SIGNATURE_ID               ; 136784554870963.151190901706896 ; --            ; --          ; --             ;
; EDA_OUTPUT_DATA_FORMAT              ; Vhdl                            ; --            ; --          ; eda_simulation ;
; EDA_SIMULATION_TOOL                 ; ModelSim-Altera (VHDL)          ; <None>        ; --          ; --             ;
; PARTITION_COLOR                     ; 16764057                        ; --            ; --          ; Top            ;
; PARTITION_FITTER_PRESERVATION_LEVEL ; PLACEMENT_AND_ROUTING           ; --            ; --          ; Top            ;
; PARTITION_NETLIST_TYPE              ; SOURCE                          ; --            ; --          ; Top            ;
; PROJECT_OUTPUT_DIRECTORY            ; output_files                    ; --            ; --          ; --             ;
+-------------------------------------+---------------------------------+---------------+-------------+----------------+


+-------------------------------------------------------------------------------------------------------------------------------+
; Flow Elapsed Time                                                                                                             ;
+---------------------------+--------------+-------------------------+---------------------+------------------------------------+
; Module Name               ; Elapsed Time ; Average Processors Used ; Peak Virtual Memory ; Total CPU Time (on all processors) ;
+---------------------------+--------------+-------------------------+---------------------+------------------------------------+
; Analysis & Synthesis      ; 00:00:23     ; 1.0                     ; 782 MB              ; 00:00:41                           ;
; Fitter                    ; 00:00:14     ; 1.0                     ; 1224 MB             ; 00:00:06                           ;
; Assembler                 ; 00:00:03     ; 1.0                     ; 733 MB              ; 00:00:01                           ;
; TimeQuest Timing Analyzer ; 00:00:05     ; 1.0                     ; 806 MB              ; 00:00:03                           ;
; EDA Netlist Writer        ; 00:00:04     ; 1.0                     ; 691 MB              ; 00:00:02                           ;
; Total                     ; 00:00:49     ; --                      ; --                  ; 00:00:53                           ;
+---------------------------+--------------+-------------------------+---------------------+------------------------------------+


+----------------------------------------------------------------------------------------+
; Flow OS Summary                                                                        ;
+---------------------------+------------------+-----------+------------+----------------+
; Module Name               ; Machine Hostname ; OS Name   ; OS Version ; Processor type ;
+---------------------------+------------------+-----------+------------+----------------+
; Analysis & Synthesis      ; LAPTOP-2RDF0U6P  ; Windows 8 ; 6.2        ; x86_64         ;
; Fitter                    ; LAPTOP-2RDF0U6P  ; Windows 8 ; 6.2        ; x86_64         ;
; Assembler                 ; LAPTOP-2RDF0U6P  ; Windows 8 ; 6.2        ; x86_64         ;
; TimeQuest Timing Analyzer ; LAPTOP-2RDF0U6P  ; Windows 8 ; 6.2        ; x86_64         ;
; EDA Netlist Writer        ; LAPTOP-2RDF0U6P  ; Windows 8 ; 6.2        ; x86_64         ;
+---------------------------+------------------+-----------+------------+----------------+


------------
; Flow Log ;
------------
quartus_map --read_settings_files=on --write_settings_files=off Guiao6_Ex5 -c Guiao6_Ex5
quartus_fit --read_settings_files=off --write_settings_files=off Guiao6_Ex5 -c Guiao6_Ex5
quartus_asm --read_settings_files=off --write_settings_files=off Guiao6_Ex5 -c Guiao6_Ex5
quartus_sta Guiao6_Ex5 -c Guiao6_Ex5
quartus_eda --read_settings_files=off --write_settings_files=off Guiao6_Ex5 -c Guiao6_Ex5



